11-Oct-2023 22:56:13.606 INFO [main] org.apache.catalina.startup.VersionLoggerListener.log Server version name:   Apache Tomcat/10.1.13
11-Oct-2023 22:56:13.609 INFO [main] org.apache.catalina.startup.VersionLoggerListener.log Server built:          Aug 23 2023 21:34:59 UTC
11-Oct-2023 22:56:13.609 INFO [main] org.apache.catalina.startup.VersionLoggerListener.log Server version number: 10.1.13.0
11-Oct-2023 22:56:13.609 INFO [main] org.apache.catalina.startup.VersionLoggerListener.log OS Name:               Windows 10
11-Oct-2023 22:56:13.609 INFO [main] org.apache.catalina.startup.VersionLoggerListener.log OS Version:            10.0
11-Oct-2023 22:56:13.609 INFO [main] org.apache.catalina.startup.VersionLoggerListener.log Architecture:          amd64
11-Oct-2023 22:56:13.609 INFO [main] org.apache.catalina.startup.VersionLoggerListener.log Java Home:             C:\Program Files\Java\jdk-20
11-Oct-2023 22:56:13.609 INFO [main] org.apache.catalina.startup.VersionLoggerListener.log JVM Version:           20.0.2+9-78
11-Oct-2023 22:56:13.609 INFO [main] org.apache.catalina.startup.VersionLoggerListener.log JVM Vendor:            Oracle Corporation
11-Oct-2023 22:56:13.609 INFO [main] org.apache.catalina.startup.VersionLoggerListener.log CATALINA_BASE:         H:\Code\CNJava\CNJava_LT_TH\TH\Lab_CNJAVA_52100222\Lab04\lab04_ex1_4\src\main\webapp
11-Oct-2023 22:56:13.609 INFO [main] org.apache.catalina.startup.VersionLoggerListener.log CATALINA_HOME:         H:\Code\CNJava\CNJava_LT_TH\path\apache-tomcat-10.1.13
11-Oct-2023 22:56:13.616 INFO [main] org.apache.catalina.startup.VersionLoggerListener.log Command line argument: --add-opens=java.base/java.lang=ALL-UNNAMED
11-Oct-2023 22:56:13.616 INFO [main] org.apache.catalina.startup.VersionLoggerListener.log Command line argument: --add-opens=java.base/java.io=ALL-UNNAMED
11-Oct-2023 22:56:13.616 INFO [main] org.apache.catalina.startup.VersionLoggerListener.log Command line argument: --add-opens=java.base/java.util=ALL-UNNAMED
11-Oct-2023 22:56:13.616 INFO [main] org.apache.catalina.startup.VersionLoggerListener.log Command line argument: --add-opens=java.base/java.util.concurrent=ALL-UNNAMED
11-Oct-2023 22:56:13.617 INFO [main] org.apache.catalina.startup.VersionLoggerListener.log Command line argument: --add-opens=java.rmi/sun.rmi.transport=ALL-UNNAMED
11-Oct-2023 22:56:13.617 INFO [main] org.apache.catalina.startup.VersionLoggerListener.log Command line argument: -Dcatalina.home=H:\Code\CNJava\CNJava_LT_TH\path\apache-tomcat-10.1.13
11-Oct-2023 22:56:13.617 INFO [main] org.apache.catalina.startup.VersionLoggerListener.log Command line argument: -Dcatalina.base=H:\Code\CNJava\CNJava_LT_TH\TH\Lab_CNJAVA_52100222\Lab04\lab04_ex1_4\src\main\webapp
11-Oct-2023 22:56:13.617 INFO [main] org.apache.catalina.startup.VersionLoggerListener.log Command line argument: -Djava.io.tmpdir=H:\Code\CNJava\CNJava_LT_TH\TH\Lab_CNJAVA_52100222\Lab04\lab04_ex1_4\src\main\webapp\temp
11-Oct-2023 22:56:13.617 INFO [main] org.apache.catalina.startup.VersionLoggerListener.log Command line argument: -Djava.util.logging.config.file=H:\Code\CNJava\CNJava_LT_TH\TH\Lab_CNJAVA_52100222\Lab04\lab04_ex1_4\src\main\webapp\conf\logging.properties
11-Oct-2023 22:56:13.617 INFO [main] org.apache.catalina.startup.VersionLoggerListener.log Command line argument: -Djava.util.logging.manager=org.apache.juli.ClassLoaderLogManager
11-Oct-2023 22:56:13.617 INFO [main] org.apache.catalina.startup.VersionLoggerListener.log Command line argument: -javaagent:C:\Program Files\JetBrains\IntelliJ IDEA Community Edition 2023.2.1\lib\idea_rt.jar=54320:C:\Program Files\JetBrains\IntelliJ IDEA Community Edition 2023.2.1\bin
11-Oct-2023 22:56:13.617 INFO [main] org.apache.catalina.startup.VersionLoggerListener.log Command line argument: -Dfile.encoding=UTF-8
11-Oct-2023 22:56:13.617 INFO [main] org.apache.catalina.startup.VersionLoggerListener.log Command line argument: -Dsun.stdout.encoding=UTF-8
11-Oct-2023 22:56:13.617 INFO [main] org.apache.catalina.startup.VersionLoggerListener.log Command line argument: -Dsun.stderr.encoding=UTF-8
11-Oct-2023 22:56:13.619 INFO [main] org.apache.catalina.core.AprLifecycleListener.lifecycleEvent Loaded Apache Tomcat Native library [2.0.5] using APR version [1.7.4].
11-Oct-2023 22:56:13.623 INFO [main] org.apache.catalina.core.AprLifecycleListener.initializeSSL OpenSSL successfully initialized [OpenSSL 3.0.10 1 Aug 2023]
11-Oct-2023 22:56:13.792 INFO [main] org.apache.coyote.AbstractProtocol.init Initializing ProtocolHandler ["http-nio-8080"]
11-Oct-2023 22:56:13.798 SEVERE [main] org.apache.catalina.util.LifecycleBase.handleSubClassException Failed to initialize component [Connector["http-nio-8080"]]
	org.apache.catalina.LifecycleException: Protocol handler initialization failed
		at org.apache.catalina.connector.Connector.initInternal(Connector.java:1015)
		at org.apache.catalina.util.LifecycleBase.init(LifecycleBase.java:127)
		at org.apache.catalina.core.StandardService.initInternal(StandardService.java:554)
		at org.apache.catalina.util.LifecycleBase.init(LifecycleBase.java:127)
		at org.apache.catalina.core.StandardServer.initInternal(StandardServer.java:1011)
		at org.apache.catalina.util.LifecycleBase.init(LifecycleBase.java:127)
		at org.apache.catalina.startup.Catalina.load(Catalina.java:747)
		at org.apache.catalina.startup.Catalina.load(Catalina.java:769)
		at java.base/jdk.internal.reflect.DirectMethodHandleAccessor.invoke(DirectMethodHandleAccessor.java:104)
		at java.base/java.lang.reflect.Method.invoke(Method.java:578)
		at org.apache.catalina.startup.Bootstrap.load(Bootstrap.java:307)
		at org.apache.catalina.startup.Bootstrap.main(Bootstrap.java:477)
	Caused by: java.net.BindException: Address already in use: bind
		at java.base/sun.nio.ch.Net.bind0(Native Method)
		at java.base/sun.nio.ch.Net.bind(Net.java:556)
		at java.base/sun.nio.ch.ServerSocketChannelImpl.netBind(ServerSocketChannelImpl.java:344)
		at java.base/sun.nio.ch.ServerSocketChannelImpl.bind(ServerSocketChannelImpl.java:301)
		at org.apache.tomcat.util.net.NioEndpoint.initServerSocket(NioEndpoint.java:247)
		at org.apache.tomcat.util.net.NioEndpoint.bind(NioEndpoint.java:202)
		at org.apache.tomcat.util.net.AbstractEndpoint.bindWithCleanup(AbstractEndpoint.java:1278)
		at org.apache.tomcat.util.net.AbstractEndpoint.init(AbstractEndpoint.java:1291)
		at org.apache.coyote.AbstractProtocol.init(AbstractProtocol.java:622)
		at org.apache.coyote.http11.AbstractHttp11Protocol.init(AbstractHttp11Protocol.java:77)
		at org.apache.catalina.connector.Connector.initInternal(Connector.java:1013)
		... 11 more
11-Oct-2023 22:56:13.798 INFO [main] org.apache.catalina.startup.Catalina.load Server initialization in [304] milliseconds
11-Oct-2023 22:56:13.831 INFO [main] org.apache.catalina.core.StandardService.startInternal Starting service [Catalina]
11-Oct-2023 22:56:13.831 INFO [main] org.apache.catalina.core.StandardEngine.startInternal Starting Servlet engine: [Apache Tomcat/10.1.13]
11-Oct-2023 22:56:13.841 INFO [main] org.apache.catalina.startup.HostConfig.deployDescriptor Deploying deployment descriptor [H:\Code\CNJava\CNJava_LT_TH\TH\Lab_CNJAVA_52100222\Lab04\lab04_ex1_4\src\main\webapp\conf\Catalina\localhost\Test.xml]
11-Oct-2023 22:56:14.076 INFO [main] org.apache.jasper.servlet.TldScanner.scanJars At least one JAR was scanned for TLDs yet contained no TLDs. Enable debug logging for this logger for a complete list of JARs that were scanned but no TLDs were found in them. Skipping unneeded JARs during scanning can improve startup time and JSP compilation time.
11-Oct-2023 22:56:14.116 INFO [main] org.apache.catalina.startup.HostConfig.deployDescriptor Deployment of deployment descriptor [H:\Code\CNJava\CNJava_LT_TH\TH\Lab_CNJAVA_52100222\Lab04\lab04_ex1_4\src\main\webapp\conf\Catalina\localhost\Test.xml] has finished in [275] ms
11-Oct-2023 22:56:14.118 INFO [main] org.apache.catalina.startup.Catalina.start Server startup in [319] milliseconds
11-Oct-2023 22:56:14.122 SEVERE [main] org.apache.catalina.core.StandardServer.await Failed to create server shutdown socket on address [localhost] and port [8005] (base port [8005] and offset [0])
	java.net.BindException: Address already in use: bind
		at java.base/sun.nio.ch.Net.bind0(Native Method)
		at java.base/sun.nio.ch.Net.bind(Net.java:556)
		at java.base/sun.nio.ch.Net.bind(Net.java:545)
		at java.base/sun.nio.ch.NioSocketImpl.bind(NioSocketImpl.java:634)
		at java.base/java.net.ServerSocket.bind(ServerSocket.java:393)
		at java.base/java.net.ServerSocket.<init>(ServerSocket.java:275)
		at org.apache.catalina.core.StandardServer.await(StandardServer.java:578)
		at org.apache.catalina.startup.Catalina.await(Catalina.java:887)
		at org.apache.catalina.startup.Catalina.start(Catalina.java:833)
		at java.base/jdk.internal.reflect.DirectMethodHandleAccessor.invoke(DirectMethodHandleAccessor.java:104)
		at java.base/java.lang.reflect.Method.invoke(Method.java:578)
		at org.apache.catalina.startup.Bootstrap.start(Bootstrap.java:347)
		at org.apache.catalina.startup.Bootstrap.main(Bootstrap.java:478)
11-Oct-2023 22:56:14.122 INFO [main] org.apache.coyote.AbstractProtocol.pause Pausing ProtocolHandler ["http-nio-8080"]
11-Oct-2023 22:56:14.122 INFO [main] org.apache.catalina.core.StandardService.stopInternal Stopping service [Catalina]
11-Oct-2023 22:56:14.133 INFO [main] org.apache.coyote.AbstractProtocol.stop Stopping ProtocolHandler ["http-nio-8080"]
11-Oct-2023 22:56:14.133 INFO [main] org.apache.coyote.AbstractProtocol.destroy Destroying ProtocolHandler ["http-nio-8080"]
11-Oct-2023 22:58:48.972 INFO [main] org.apache.catalina.startup.VersionLoggerListener.log Server version name:   Apache Tomcat/10.1.13
11-Oct-2023 22:58:48.975 INFO [main] org.apache.catalina.startup.VersionLoggerListener.log Server built:          Aug 23 2023 21:34:59 UTC
11-Oct-2023 22:58:48.975 INFO [main] org.apache.catalina.startup.VersionLoggerListener.log Server version number: 10.1.13.0
11-Oct-2023 22:58:48.975 INFO [main] org.apache.catalina.startup.VersionLoggerListener.log OS Name:               Windows 10
11-Oct-2023 22:58:48.975 INFO [main] org.apache.catalina.startup.VersionLoggerListener.log OS Version:            10.0
11-Oct-2023 22:58:48.975 INFO [main] org.apache.catalina.startup.VersionLoggerListener.log Architecture:          amd64
11-Oct-2023 22:58:48.975 INFO [main] org.apache.catalina.startup.VersionLoggerListener.log Java Home:             C:\Program Files\Java\jdk-20
11-Oct-2023 22:58:48.975 INFO [main] org.apache.catalina.startup.VersionLoggerListener.log JVM Version:           20.0.2+9-78
11-Oct-2023 22:58:48.975 INFO [main] org.apache.catalina.startup.VersionLoggerListener.log JVM Vendor:            Oracle Corporation
11-Oct-2023 22:58:48.975 INFO [main] org.apache.catalina.startup.VersionLoggerListener.log CATALINA_BASE:         H:\Code\CNJava\CNJava_LT_TH\TH\Lab_CNJAVA_52100222\Lab04\lab04_ex1_4\src\main\webapp
11-Oct-2023 22:58:48.976 INFO [main] org.apache.catalina.startup.VersionLoggerListener.log CATALINA_HOME:         H:\Code\CNJava\CNJava_LT_TH\path\apache-tomcat-10.1.13
11-Oct-2023 22:58:48.980 INFO [main] org.apache.catalina.startup.VersionLoggerListener.log Command line argument: --add-opens=java.base/java.lang=ALL-UNNAMED
11-Oct-2023 22:58:48.980 INFO [main] org.apache.catalina.startup.VersionLoggerListener.log Command line argument: --add-opens=java.base/java.io=ALL-UNNAMED
11-Oct-2023 22:58:48.980 INFO [main] org.apache.catalina.startup.VersionLoggerListener.log Command line argument: --add-opens=java.base/java.util=ALL-UNNAMED
11-Oct-2023 22:58:48.980 INFO [main] org.apache.catalina.startup.VersionLoggerListener.log Command line argument: --add-opens=java.base/java.util.concurrent=ALL-UNNAMED
11-Oct-2023 22:58:48.981 INFO [main] org.apache.catalina.startup.VersionLoggerListener.log Command line argument: --add-opens=java.rmi/sun.rmi.transport=ALL-UNNAMED
11-Oct-2023 22:58:48.981 INFO [main] org.apache.catalina.startup.VersionLoggerListener.log Command line argument: -Dcatalina.home=H:\Code\CNJava\CNJava_LT_TH\path\apache-tomcat-10.1.13
11-Oct-2023 22:58:48.981 INFO [main] org.apache.catalina.startup.VersionLoggerListener.log Command line argument: -Dcatalina.base=H:\Code\CNJava\CNJava_LT_TH\TH\Lab_CNJAVA_52100222\Lab04\lab04_ex1_4\src\main\webapp
11-Oct-2023 22:58:48.981 INFO [main] org.apache.catalina.startup.VersionLoggerListener.log Command line argument: -Djava.io.tmpdir=H:\Code\CNJava\CNJava_LT_TH\TH\Lab_CNJAVA_52100222\Lab04\lab04_ex1_4\src\main\webapp\temp
11-Oct-2023 22:58:48.981 INFO [main] org.apache.catalina.startup.VersionLoggerListener.log Command line argument: -Djava.util.logging.config.file=H:\Code\CNJava\CNJava_LT_TH\TH\Lab_CNJAVA_52100222\Lab04\lab04_ex1_4\src\main\webapp\conf\logging.properties
11-Oct-2023 22:58:48.981 INFO [main] org.apache.catalina.startup.VersionLoggerListener.log Command line argument: -Djava.util.logging.manager=org.apache.juli.ClassLoaderLogManager
11-Oct-2023 22:58:48.981 INFO [main] org.apache.catalina.startup.VersionLoggerListener.log Command line argument: -javaagent:C:\Program Files\JetBrains\IntelliJ IDEA Community Edition 2023.2.1\lib\idea_rt.jar=54449:C:\Program Files\JetBrains\IntelliJ IDEA Community Edition 2023.2.1\bin
11-Oct-2023 22:58:48.981 INFO [main] org.apache.catalina.startup.VersionLoggerListener.log Command line argument: -Dfile.encoding=UTF-8
11-Oct-2023 22:58:48.981 INFO [main] org.apache.catalina.startup.VersionLoggerListener.log Command line argument: -Dsun.stdout.encoding=UTF-8
11-Oct-2023 22:58:48.981 INFO [main] org.apache.catalina.startup.VersionLoggerListener.log Command line argument: -Dsun.stderr.encoding=UTF-8
11-Oct-2023 22:58:48.983 INFO [main] org.apache.catalina.core.AprLifecycleListener.lifecycleEvent Loaded Apache Tomcat Native library [2.0.5] using APR version [1.7.4].
11-Oct-2023 22:58:48.986 INFO [main] org.apache.catalina.core.AprLifecycleListener.initializeSSL OpenSSL successfully initialized [OpenSSL 3.0.10 1 Aug 2023]
11-Oct-2023 22:58:49.150 INFO [main] org.apache.coyote.AbstractProtocol.init Initializing ProtocolHandler ["http-nio-8080"]
11-Oct-2023 22:58:49.159 INFO [main] org.apache.catalina.startup.Catalina.load Server initialization in [297] milliseconds
11-Oct-2023 22:58:49.194 INFO [main] org.apache.catalina.core.StandardService.startInternal Starting service [Catalina]
11-Oct-2023 22:58:49.194 INFO [main] org.apache.catalina.core.StandardEngine.startInternal Starting Servlet engine: [Apache Tomcat/10.1.13]
11-Oct-2023 22:58:49.203 INFO [main] org.apache.catalina.startup.HostConfig.deployDescriptor Deploying deployment descriptor [H:\Code\CNJava\CNJava_LT_TH\TH\Lab_CNJAVA_52100222\Lab04\lab04_ex1_4\src\main\webapp\conf\Catalina\localhost\Test.xml]
11-Oct-2023 22:58:49.422 INFO [main] org.apache.jasper.servlet.TldScanner.scanJars At least one JAR was scanned for TLDs yet contained no TLDs. Enable debug logging for this logger for a complete list of JARs that were scanned but no TLDs were found in them. Skipping unneeded JARs during scanning can improve startup time and JSP compilation time.
11-Oct-2023 22:58:49.462 INFO [main] org.apache.catalina.startup.HostConfig.deployDescriptor Deployment of deployment descriptor [H:\Code\CNJava\CNJava_LT_TH\TH\Lab_CNJAVA_52100222\Lab04\lab04_ex1_4\src\main\webapp\conf\Catalina\localhost\Test.xml] has finished in [260] ms
11-Oct-2023 22:58:49.468 INFO [main] org.apache.coyote.AbstractProtocol.start Starting ProtocolHandler ["http-nio-8080"]
11-Oct-2023 22:58:49.491 INFO [main] org.apache.catalina.startup.Catalina.start Server startup in [331] milliseconds
